<?xml version="1.0" encoding="UTF-8"?>
<!-- Generated by org.testng.reporters.JUnitReportReporter -->
<testsuite hostname="MWDH-Work2" failures="0" tests="1" name="dissW9D5.ChromWhebDriver" time="4.079" errors="0" timestamp="2022-08-04T22:49:37 AST" skipped="0">
  <testcase classname="dissW9D5.ChromWhebDriver" name="LearnEnglishWebSite" time="4.079"/>
  <system-out/>
</testsuite> <!-- dissW9D5.ChromWhebDriver -->
